Command line invocation:
    /Applications/Xcode.app/Contents/Developer/usr/bin/xcodebuild -workspace /Users/ata/Desktop/defencegame/CoreStability/CoreStability.xcworkspace -scheme CoreStability -destination generic/platform=iOS build

ComputePackagePrebuildTargetDependencyGraph

Prepare packages

CreateBuildRequest

SendProjectDescription

CreateBuildOperation

ComputeTargetDependencyGraph
note: Building targets in dependency order
note: Target dependency graph (6 targets)
    Target 'CoreStability' in project 'CoreStability'
        ➜ Implicit dependency on target 'Pods-CoreStability' in project 'Pods' via file 'Pods_CoreStability.framework' in build phase 'Link Binary'
        ➜ Implicit dependency on target 'Google-Mobile-Ads-SDK' in project 'Pods' via options '-framework Google_Mobile_Ads_SDK' in build setting 'OTHER_LDFLAGS'
    Target 'Pods-CoreStability' in project 'Pods'
        ➜ Explicit dependency on target 'Google-Mobile-Ads-SDK' in project 'Pods'
        ➜ Explicit dependency on target 'GoogleUserMessagingPlatform' in project 'Pods'
    Target 'Google-Mobile-Ads-SDK' in project 'Pods'
        ➜ Explicit dependency on target 'Google-Mobile-Ads-SDK-GoogleMobileAdsResources' in project 'Pods'
        ➜ Explicit dependency on target 'GoogleUserMessagingPlatform' in project 'Pods'
    Target 'GoogleUserMessagingPlatform' in project 'Pods'
        ➜ Explicit dependency on target 'GoogleUserMessagingPlatform-UserMessagingPlatformResources' in project 'Pods'
    Target 'GoogleUserMessagingPlatform-UserMessagingPlatformResources' in project 'Pods' (no dependencies)
    Target 'Google-Mobile-Ads-SDK-GoogleMobileAdsResources' in project 'Pods' (no dependencies)

GatherProvisioningInputs

CreateBuildDescription

ClangStatCache /Applications/Xcode.app/Contents/Developer/Toolchains/XcodeDefault.xctoolchain/usr/bin/clang-stat-cache /Applications/Xcode.app/Contents/Developer/Platforms/iPhoneOS.platform/Developer/SDKs/iPhoneOS26.1.sdk /Users/ata/Library/Developer/Xcode/DerivedData/SDKStatCaches.noindex/iphoneos26.1-23B77-69b33fc7382b27d9b5d46e82a00f8e78.sdkstatcache
    cd /Users/ata/Desktop/defencegame/CoreStability
    /Applications/Xcode.app/Contents/Developer/Toolchains/XcodeDefault.xctoolchain/usr/bin/clang-stat-cache /Applications/Xcode.app/Contents/Developer/Platforms/iPhoneOS.platform/Developer/SDKs/iPhoneOS26.1.sdk -o /Users/ata/Library/Developer/Xcode/DerivedData/SDKStatCaches.noindex/iphoneos26.1-23B77-69b33fc7382b27d9b5d46e82a00f8e78.sdkstatcache

ProcessInfoPlistFile /Users/ata/Library/Developer/Xcode/DerivedData/CoreStability-bumjwleykawxfwfmuydrnvgdxxjc/Build/Products/Debug-iphoneos/GoogleUserMessagingPlatform/UserMessagingPlatformResources.bundle/Info.plist /Users/ata/Desktop/defencegame/CoreStability/Pods/Target\ Support\ Files/GoogleUserMessagingPlatform/ResourceBundle-UserMessagingPlatformResources-GoogleUserMessagingPlatform-Info.plist (in target 'GoogleUserMessagingPlatform-UserMessagingPlatformResources' from project 'Pods')
    cd /Users/ata/Desktop/defencegame/CoreStability/Pods
    builtin-infoPlistUtility /Users/ata/Desktop/defencegame/CoreStability/Pods/Target\ Support\ Files/GoogleUserMessagingPlatform/ResourceBundle-UserMessagingPlatformResources-GoogleUserMessagingPlatform-Info.plist -producttype com.apple.product-type.bundle -expandbuildsettings -format binary -platform iphoneos -requiredArchitecture arm64 -o /Users/ata/Library/Developer/Xcode/DerivedData/CoreStability-bumjwleykawxfwfmuydrnvgdxxjc/Build/Products/Debug-iphoneos/GoogleUserMessagingPlatform/UserMessagingPlatformResources.bundle/Info.plist

ProcessInfoPlistFile /Users/ata/Library/Developer/Xcode/DerivedData/CoreStability-bumjwleykawxfwfmuydrnvgdxxjc/Build/Products/Debug-iphoneos/Google-Mobile-Ads-SDK/GoogleMobileAdsResources.bundle/Info.plist /Users/ata/Desktop/defencegame/CoreStability/Pods/Target\ Support\ Files/Google-Mobile-Ads-SDK/ResourceBundle-GoogleMobileAdsResources-Google-Mobile-Ads-SDK-Info.plist (in target 'Google-Mobile-Ads-SDK-GoogleMobileAdsResources' from project 'Pods')
    cd /Users/ata/Desktop/defencegame/CoreStability/Pods
    builtin-infoPlistUtility /Users/ata/Desktop/defencegame/CoreStability/Pods/Target\ Support\ Files/Google-Mobile-Ads-SDK/ResourceBundle-GoogleMobileAdsResources-Google-Mobile-Ads-SDK-Info.plist -producttype com.apple.product-type.bundle -expandbuildsettings -format binary -platform iphoneos -requiredArchitecture arm64 -o /Users/ata/Library/Developer/Xcode/DerivedData/CoreStability-bumjwleykawxfwfmuydrnvgdxxjc/Build/Products/Debug-iphoneos/Google-Mobile-Ads-SDK/GoogleMobileAdsResources.bundle/Info.plist

PhaseScriptExecution [CP]\ Copy\ XCFrameworks /Users/ata/Library/Developer/Xcode/DerivedData/CoreStability-bumjwleykawxfwfmuydrnvgdxxjc/Build/Intermediates.noindex/Pods.build/Debug-iphoneos/GoogleUserMessagingPlatform.build/Script-28B29EDE6F5CA8FE68523DA69BE2F299.sh (in target 'GoogleUserMessagingPlatform' from project 'Pods')
    cd /Users/ata/Desktop/defencegame/CoreStability/Pods
    /bin/sh -c /Users/ata/Library/Developer/Xcode/DerivedData/CoreStability-bumjwleykawxfwfmuydrnvgdxxjc/Build/Intermediates.noindex/Pods.build/Debug-iphoneos/GoogleUserMessagingPlatform.build/Script-28B29EDE6F5CA8FE68523DA69BE2F299.sh
Selected xcframework slice ios-arm64
rsync --delete -av --filter P .*.?????? --links --filter "- CVS/" --filter "- .svn/" --filter "- .git/" --filter "- .hg/" "/Users/ata/Desktop/defencegame/CoreStability/Pods/GoogleUserMessagingPlatform/Frameworks/Release/UserMessagingPlatform.xcframework/ios-arm64/*" "/Users/ata/Library/Developer/Xcode/DerivedData/CoreStability-bumjwleykawxfwfmuydrnvgdxxjc/Build/Products/Debug-iphoneos/XCFrameworkIntermediates/GoogleUserMessagingPlatform"
Transfer starting: 13 files

sent 1098 bytes  received 20 bytes  1016363 bytes/sec
total size is 194951  speedup is 174.37
Copied /Users/ata/Desktop/defencegame/CoreStability/Pods/GoogleUserMessagingPlatform/Frameworks/Release/UserMessagingPlatform.xcframework/ios-arm64 to /Users/ata/Library/Developer/Xcode/DerivedData/CoreStability-bumjwleykawxfwfmuydrnvgdxxjc/Build/Products/Debug-iphoneos/XCFrameworkIntermediates/GoogleUserMessagingPlatform

PhaseScriptExecution [CP]\ Copy\ XCFrameworks /Users/ata/Library/Developer/Xcode/DerivedData/CoreStability-bumjwleykawxfwfmuydrnvgdxxjc/Build/Intermediates.noindex/Pods.build/Debug-iphoneos/Google-Mobile-Ads-SDK.build/Script-62A1CB4E7755DF23F645AE7F4B214347.sh (in target 'Google-Mobile-Ads-SDK' from project 'Pods')
    cd /Users/ata/Desktop/defencegame/CoreStability/Pods
    /bin/sh -c /Users/ata/Library/Developer/Xcode/DerivedData/CoreStability-bumjwleykawxfwfmuydrnvgdxxjc/Build/Intermediates.noindex/Pods.build/Debug-iphoneos/Google-Mobile-Ads-SDK.build/Script-62A1CB4E7755DF23F645AE7F4B214347.sh
Selected xcframework slice ios-arm64
rsync --delete -av --filter P .*.?????? --links --filter "- CVS/" --filter "- .svn/" --filter "- .git/" --filter "- .hg/" "/Users/ata/Desktop/defencegame/CoreStability/Pods/Google-Mobile-Ads-SDK/Frameworks/GoogleMobileAdsFramework/GoogleMobileAds.xcframework/ios-arm64/*" "/Users/ata/Library/Developer/Xcode/DerivedData/CoreStability-bumjwleykawxfwfmuydrnvgdxxjc/Build/Products/Debug-iphoneos/XCFrameworkIntermediates/Google-Mobile-Ads-SDK"
Transfer starting: 113 files

sent 9459 bytes  received 20 bytes  1553934 bytes/sec
total size is 13418958  speedup is 1415.65
Copied /Users/ata/Desktop/defencegame/CoreStability/Pods/Google-Mobile-Ads-SDK/Frameworks/GoogleMobileAdsFramework/GoogleMobileAds.xcframework/ios-arm64 to /Users/ata/Library/Developer/Xcode/DerivedData/CoreStability-bumjwleykawxfwfmuydrnvgdxxjc/Build/Products/Debug-iphoneos/XCFrameworkIntermediates/Google-Mobile-Ads-SDK

ProcessInfoPlistFile /Users/ata/Library/Developer/Xcode/DerivedData/CoreStability-bumjwleykawxfwfmuydrnvgdxxjc/Build/Products/Debug-iphoneos/Google-Mobile-Ads-SDK/Google_Mobile_Ads_SDK.framework/Info.plist /Users/ata/Desktop/defencegame/CoreStability/Pods/Target\ Support\ Files/Google-Mobile-Ads-SDK/Google-Mobile-Ads-SDK-Info.plist (in target 'Google-Mobile-Ads-SDK' from project 'Pods')
    cd /Users/ata/Desktop/defencegame/CoreStability/Pods
    builtin-infoPlistUtility /Users/ata/Desktop/defencegame/CoreStability/Pods/Target\ Support\ Files/Google-Mobile-Ads-SDK/Google-Mobile-Ads-SDK-Info.plist -producttype com.apple.product-type.framework -expandbuildsettings -format binary -platform iphoneos -requiredArchitecture arm64 -o /Users/ata/Library/Developer/Xcode/DerivedData/CoreStability-bumjwleykawxfwfmuydrnvgdxxjc/Build/Products/Debug-iphoneos/Google-Mobile-Ads-SDK/Google_Mobile_Ads_SDK.framework/Info.plist

ProcessProductPackaging /Users/ata/Desktop/defencegame/CoreStability/CoreStability/CoreStability.entitlements /Users/ata/Library/Developer/Xcode/DerivedData/CoreStability-bumjwleykawxfwfmuydrnvgdxxjc/Build/Intermediates.noindex/CoreStability.build/Debug-iphoneos/CoreStability.build/CoreStability.app.xcent (in target 'CoreStability' from project 'CoreStability')
    cd /Users/ata/Desktop/defencegame/CoreStability
    
    Entitlements:
    
    {
    "application-identifier" = "NP6452FP2L.com.cagdasbertanisik.corestability";
    "com.apple.developer.game-center" = 1;
    "com.apple.developer.team-identifier" = NP6452FP2L;
    "get-task-allow" = 1;
}
    
    builtin-productPackagingUtility /Users/ata/Desktop/defencegame/CoreStability/CoreStability/CoreStability.entitlements -entitlements -format xml -o /Users/ata/Library/Developer/Xcode/DerivedData/CoreStability-bumjwleykawxfwfmuydrnvgdxxjc/Build/Intermediates.noindex/CoreStability.build/Debug-iphoneos/CoreStability.build/CoreStability.app.xcent

ProcessProductPackagingDER /Users/ata/Library/Developer/Xcode/DerivedData/CoreStability-bumjwleykawxfwfmuydrnvgdxxjc/Build/Intermediates.noindex/CoreStability.build/Debug-iphoneos/CoreStability.build/CoreStability.app.xcent /Users/ata/Library/Developer/Xcode/DerivedData/CoreStability-bumjwleykawxfwfmuydrnvgdxxjc/Build/Intermediates.noindex/CoreStability.build/Debug-iphoneos/CoreStability.build/CoreStability.app.xcent.der (in target 'CoreStability' from project 'CoreStability')
    cd /Users/ata/Desktop/defencegame/CoreStability
    /usr/bin/derq query -f xml -i /Users/ata/Library/Developer/Xcode/DerivedData/CoreStability-bumjwleykawxfwfmuydrnvgdxxjc/Build/Intermediates.noindex/CoreStability.build/Debug-iphoneos/CoreStability.build/CoreStability.app.xcent -o /Users/ata/Library/Developer/Xcode/DerivedData/CoreStability-bumjwleykawxfwfmuydrnvgdxxjc/Build/Intermediates.noindex/CoreStability.build/Debug-iphoneos/CoreStability.build/CoreStability.app.xcent.der --raw

ProcessInfoPlistFile /Users/ata/Library/Developer/Xcode/DerivedData/CoreStability-bumjwleykawxfwfmuydrnvgdxxjc/Build/Products/Debug-iphoneos/Pods_CoreStability.framework/Info.plist /Users/ata/Desktop/defencegame/CoreStability/Pods/Target\ Support\ Files/Pods-CoreStability/Pods-CoreStability-Info.plist (in target 'Pods-CoreStability' from project 'Pods')
    cd /Users/ata/Desktop/defencegame/CoreStability/Pods
    builtin-infoPlistUtility /Users/ata/Desktop/defencegame/CoreStability/Pods/Target\ Support\ Files/Pods-CoreStability/Pods-CoreStability-Info.plist -producttype com.apple.product-type.framework -expandbuildsettings -format binary -platform iphoneos -requiredArchitecture arm64 -o /Users/ata/Library/Developer/Xcode/DerivedData/CoreStability-bumjwleykawxfwfmuydrnvgdxxjc/Build/Products/Debug-iphoneos/Pods_CoreStability.framework/Info.plist

PhaseScriptExecution [CP]\ Check\ Pods\ Manifest.lock /Users/ata/Library/Developer/Xcode/DerivedData/CoreStability-bumjwleykawxfwfmuydrnvgdxxjc/Build/Intermediates.noindex/CoreStability.build/Debug-iphoneos/CoreStability.build/Script-70B1F635C6F6E030418FC5E3.sh (in target 'CoreStability' from project 'CoreStability')
    cd /Users/ata/Desktop/defencegame/CoreStability
    /bin/sh -c /Users/ata/Library/Developer/Xcode/DerivedData/CoreStability-bumjwleykawxfwfmuydrnvgdxxjc/Build/Intermediates.noindex/CoreStability.build/Debug-iphoneos/CoreStability.build/Script-70B1F635C6F6E030418FC5E3.sh

SwiftDriver CoreStability normal arm64 com.apple.xcode.tools.swift.compiler (in target 'CoreStability' from project 'CoreStability')
    cd /Users/ata/Desktop/defencegame/CoreStability
    builtin-SwiftDriver -- /Applications/Xcode.app/Contents/Developer/Toolchains/XcodeDefault.xctoolchain/usr/bin/swiftc -module-name CoreStability -Onone -enforce-exclusivity\=checked @/Users/ata/Library/Developer/Xcode/DerivedData/CoreStability-bumjwleykawxfwfmuydrnvgdxxjc/Build/Intermediates.noindex/CoreStability.build/Debug-iphoneos/CoreStability.build/Objects-normal/arm64/CoreStability.SwiftFileList -DDEBUG -D COCOAPODS -enable-bare-slash-regex -enable-experimental-feature DebugDescriptionMacro -sdk /Applications/Xcode.app/Contents/Developer/Platforms/iPhoneOS.platform/Developer/SDKs/iPhoneOS26.1.sdk -target arm64-apple-ios17.0 -g -module-cache-path /Users/ata/Library/Developer/Xcode/DerivedData/ModuleCache.noindex -Xfrontend -serialize-debugging-options -enable-testing -index-store-path /Users/ata/Library/Developer/Xcode/DerivedData/CoreStability-bumjwleykawxfwfmuydrnvgdxxjc/Index.noindex/DataStore -Xcc -D_LIBCPP_HARDENING_MODE\=_LIBCPP_HARDENING_MODE_DEBUG -swift-version 5 -I /Users/ata/Library/Developer/Xcode/DerivedData/CoreStability-bumjwleykawxfwfmuydrnvgdxxjc/Build/Products/Debug-iphoneos -F /Users/ata/Library/Developer/Xcode/DerivedData/CoreStability-bumjwleykawxfwfmuydrnvgdxxjc/Build/Products/Debug-iphoneos -F /Users/ata/Library/Developer/Xcode/DerivedData/CoreStability-bumjwleykawxfwfmuydrnvgdxxjc/Build/Products/Debug-iphoneos/Google-Mobile-Ads-SDK -F /Users/ata/Desktop/defencegame/CoreStability/Pods/Google-Mobile-Ads-SDK/Frameworks/GoogleMobileAdsFramework -F /Users/ata/Desktop/defencegame/CoreStability/Pods/GoogleUserMessagingPlatform/Frameworks/Release -F /Users/ata/Library/Developer/Xcode/DerivedData/CoreStability-bumjwleykawxfwfmuydrnvgdxxjc/Build/Products/Debug-iphoneos/XCFrameworkIntermediates/Google-Mobile-Ads-SDK -F /Users/ata/Library/Developer/Xcode/DerivedData/CoreStability-bumjwleykawxfwfmuydrnvgdxxjc/Build/Products/Debug-iphoneos/XCFrameworkIntermediates/GoogleUserMessagingPlatform -emit-localized-strings -emit-localized-strings-path /Users/ata/Library/Developer/Xcode/DerivedData/CoreStability-bumjwleykawxfwfmuydrnvgdxxjc/Build/Intermediates.noindex/CoreStability.build/Debug-iphoneos/CoreStability.build/Objects-normal/arm64 -c -j8 -enable-batch-mode -incremental -Xcc -ivfsstatcache -Xcc /Users/ata/Library/Developer/Xcode/DerivedData/SDKStatCaches.noindex/iphoneos26.1-23B77-69b33fc7382b27d9b5d46e82a00f8e78.sdkstatcache -output-file-map /Users/ata/Library/Developer/Xcode/DerivedData/CoreStability-bumjwleykawxfwfmuydrnvgdxxjc/Build/Intermediates.noindex/CoreStability.build/Debug-iphoneos/CoreStability.build/Objects-normal/arm64/CoreStability-OutputFileMap.json -use-frontend-parseable-output -save-temps -no-color-diagnostics -explicit-module-build -module-cache-path /Users/ata/Library/Developer/Xcode/DerivedData/CoreStability-bumjwleykawxfwfmuydrnvgdxxjc/Build/Intermediates.noindex/SwiftExplicitPrecompiledModules -clang-scanner-module-cache-path /Users/ata/Library/Developer/Xcode/DerivedData/ModuleCache.noindex -sdk-module-cache-path /Users/ata/Library/Developer/Xcode/DerivedData/ModuleCache.noindex -serialize-diagnostics -emit-dependencies -emit-module -emit-module-path /Users/ata/Library/Developer/Xcode/DerivedData/CoreStability-bumjwleykawxfwfmuydrnvgdxxjc/Build/Intermediates.noindex/CoreStability.build/Debug-iphoneos/CoreStability.build/Objects-normal/arm64/CoreStability.swiftmodule -validate-clang-modules-once -clang-build-session-file /Users/ata/Library/Developer/Xcode/DerivedData/ModuleCache.noindex/Session.modulevalidation -Xcc -I/Users/ata/Library/Developer/Xcode/DerivedData/CoreStability-bumjwleykawxfwfmuydrnvgdxxjc/Build/Intermediates.noindex/CoreStability.build/Debug-iphoneos/CoreStability.build/swift-overrides.hmap -emit-const-values -Xfrontend -const-gather-protocols-file -Xfrontend /Users/ata/Library/Developer/Xcode/DerivedData/CoreStability-bumjwleykawxfwfmuydrnvgdxxjc/Build/Intermediates.noindex/CoreStability.build/Debug-iphoneos/CoreStability.build/Objects-normal/arm64/CoreStability_const_extract_protocols.json -Xcc -iquote -Xcc /Users/ata/Library/Developer/Xcode/DerivedData/CoreStability-bumjwleykawxfwfmuydrnvgdxxjc/Build/Intermediates.noindex/CoreStability.build/Debug-iphoneos/CoreStability.build/CoreStability-generated-files.hmap -Xcc -I/Users/ata/Library/Developer/Xcode/DerivedData/CoreStability-bumjwleykawxfwfmuydrnvgdxxjc/Build/Intermediates.noindex/CoreStability.build/Debug-iphoneos/CoreStability.build/CoreStability-own-target-headers.hmap -Xcc -I/Users/ata/Library/Developer/Xcode/DerivedData/CoreStability-bumjwleykawxfwfmuydrnvgdxxjc/Build/Intermediates.noindex/CoreStability.build/Debug-iphoneos/CoreStability.build/CoreStability-all-non-framework-target-headers.hmap -Xcc -ivfsoverlay -Xcc /Users/ata/Library/Developer/Xcode/DerivedData/CoreStability-bumjwleykawxfwfmuydrnvgdxxjc/Build/Intermediates.noindex/CoreStability.build/Debug-iphoneos/CoreStability-d42e9d9e18b1bdedc289b2f504e42e7a-VFS-iphoneos/all-product-headers.yaml -Xcc -iquote -Xcc /Users/ata/Library/Developer/Xcode/DerivedData/CoreStability-bumjwleykawxfwfmuydrnvgdxxjc/Build/Intermediates.noindex/CoreStability.build/Debug-iphoneos/CoreStability.build/CoreStability-project-headers.hmap -Xcc -I/Users/ata/Library/Developer/Xcode/DerivedData/CoreStability-bumjwleykawxfwfmuydrnvgdxxjc/Build/Products/Debug-iphoneos/include -Xcc -I/Users/ata/Library/Developer/Xcode/DerivedData/CoreStability-bumjwleykawxfwfmuydrnvgdxxjc/Build/Products/Debug-iphoneos/Google-Mobile-Ads-SDK/Google_Mobile_Ads_SDK.framework/Headers -Xcc -I/Users/ata/Library/Developer/Xcode/DerivedData/CoreStability-bumjwleykawxfwfmuydrnvgdxxjc/Build/Intermediates.noindex/CoreStability.build/Debug-iphoneos/CoreStability.build/DerivedSources-normal/arm64 -Xcc -I/Users/ata/Library/Developer/Xcode/DerivedData/CoreStability-bumjwleykawxfwfmuydrnvgdxxjc/Build/Intermediates.noindex/CoreStability.build/Debug-iphoneos/CoreStability.build/DerivedSources/arm64 -Xcc -I/Users/ata/Library/Developer/Xcode/DerivedData/CoreStability-bumjwleykawxfwfmuydrnvgdxxjc/Build/Intermediates.noindex/CoreStability.build/Debug-iphoneos/CoreStability.build/DerivedSources -Xcc -DDEBUG\=1 -Xcc -DCOCOAPODS\=1 -emit-objc-header -emit-objc-header-path /Users/ata/Library/Developer/Xcode/DerivedData/CoreStability-bumjwleykawxfwfmuydrnvgdxxjc/Build/Intermediates.noindex/CoreStability.build/Debug-iphoneos/CoreStability.build/Objects-normal/arm64/CoreStability-Swift.h -working-directory /Users/ata/Desktop/defencegame/CoreStability -experimental-emit-module-separately -disable-cmo

ProcessInfoPlistFile /Users/ata/Library/Developer/Xcode/DerivedData/CoreStability-bumjwleykawxfwfmuydrnvgdxxjc/Build/Products/Debug-iphoneos/CoreStability.app/Info.plist /Users/ata/Desktop/defencegame/CoreStability/CoreStability/Info.plist (in target 'CoreStability' from project 'CoreStability')
    cd /Users/ata/Desktop/defencegame/CoreStability
    builtin-infoPlistUtility /Users/ata/Desktop/defencegame/CoreStability/CoreStability/Info.plist -producttype com.apple.product-type.application -genpkginfo /Users/ata/Library/Developer/Xcode/DerivedData/CoreStability-bumjwleykawxfwfmuydrnvgdxxjc/Build/Products/Debug-iphoneos/CoreStability.app/PkgInfo -expandbuildsettings -format binary -platform iphoneos -additionalcontentfile /Users/ata/Library/Developer/Xcode/DerivedData/CoreStability-bumjwleykawxfwfmuydrnvgdxxjc/Build/Intermediates.noindex/CoreStability.build/Debug-iphoneos/CoreStability.build/assetcatalog_generated_info.plist -requiredArchitecture arm64 -o /Users/ata/Library/Developer/Xcode/DerivedData/CoreStability-bumjwleykawxfwfmuydrnvgdxxjc/Build/Products/Debug-iphoneos/CoreStability.app/Info.plist

SwiftEmitModule normal arm64 Emitting\ module\ for\ CoreStability (in target 'CoreStability' from project 'CoreStability')

EmitSwiftModule normal arm64 (in target 'CoreStability' from project 'CoreStability')
    cd /Users/ata/Desktop/defencegame/CoreStability
    

SwiftCompile normal arm64 Compiling\ ShopUI.swift /Users/ata/Desktop/defencegame/CoreStability/CoreStability/Nodes/ShopUI.swift (in target 'CoreStability' from project 'CoreStability')
SwiftCompile normal arm64 /Users/ata/Desktop/defencegame/CoreStability/CoreStability/Nodes/ShopUI.swift (in target 'CoreStability' from project 'CoreStability')
    cd /Users/ata/Desktop/defencegame/CoreStability
    
/Users/ata/Desktop/defencegame/CoreStability/CoreStability/Nodes/ShopUI.swift:1835:25: error: cannot find 'showGacha' in scope
                        showGacha()
                        ^~~~~~~~~
/Users/ata/Desktop/defencegame/CoreStability/CoreStability/Nodes/ShopUI.swift:1838:25: error: cannot find 'showArmory' in scope
                        showArmory()
                        ^~~~~~~~~~
/Users/ata/Desktop/defencegame/CoreStability/CoreStability/Nodes/ShopUI.swift:1841:25: error: cannot find 'showInventory' in scope
                        showInventory()
                        ^~~~~~~~~~~~~
/Users/ata/Desktop/defencegame/CoreStability/CoreStability/Nodes/ShopUI.swift:1844:25: error: cannot find 'showIAP' in scope
                        showIAP()
                        ^~~~~~~
/Users/ata/Desktop/defencegame/CoreStability/CoreStability/Nodes/ShopUI.swift:1850:25: error: cannot find 'nextArmoryPage' in scope
                        nextArmoryPage()
                        ^~~~~~~~~~~~~~
/Users/ata/Desktop/defencegame/CoreStability/CoreStability/Nodes/ShopUI.swift:1853:25: error: cannot find 'prevArmoryPage' in scope
                        prevArmoryPage()
                        ^~~~~~~~~~~~~~
/Users/ata/Desktop/defencegame/CoreStability/CoreStability/Nodes/ShopUI.swift:1856:25: error: cannot find 'nextInventoryPage' in scope
                        nextInventoryPage()
                        ^~~~~~~~~~~~~~~~~
/Users/ata/Desktop/defencegame/CoreStability/CoreStability/Nodes/ShopUI.swift:1859:25: error: cannot find 'prevInventoryPage' in scope
                        prevInventoryPage()
                        ^~~~~~~~~~~~~~~~~
/Users/ata/Desktop/defencegame/CoreStability/CoreStability/Nodes/ShopUI.swift:1865:25: error: cannot find 'performPull' in scope
                        performPull(count: 1)
                        ^~~~~~~~~~~
/Users/ata/Desktop/defencegame/CoreStability/CoreStability/Nodes/ShopUI.swift:1868:25: error: cannot find 'performPull' in scope
                        performPull(count: 10)
                        ^~~~~~~~~~~
/Users/ata/Desktop/defencegame/CoreStability/CoreStability/Nodes/ShopUI.swift:1876:29: error: cannot find 'showToast' in scope
                            showToast(message: "Buff Activated!")
                            ^~~~~~~~~
/Users/ata/Desktop/defencegame/CoreStability/CoreStability/Nodes/ShopUI.swift:1877:29: error: cannot find 'showInventory' in scope
                            showInventory()
                            ^~~~~~~~~~~~~
/Users/ata/Desktop/defencegame/CoreStability/CoreStability/Nodes/ShopUI.swift:1884:25: error: cannot find 'showGacha' in scope
                        showGacha()
                        ^~~~~~~~~
/Users/ata/Desktop/defencegame/CoreStability/CoreStability/Nodes/ShopUI.swift:1896:60: error: missing argument for parameter 'completion' in call
                        IAPManager.shared.restorePurchases()
                                                           ^
                                                           completion: <#(Bool, String?) -> Void#>
/Users/ata/Desktop/defencegame/CoreStability/CoreStability/Systems/IAPManager.swift:158:10: note: 'restorePurchases(completion:)' declared here
    func restorePurchases(completion: @escaping (Bool, String?) -> Void) {
         ^

Failed frontend command:
/Applications/Xcode.app/Contents/Developer/Toolchains/XcodeDefault.xctoolchain/usr/bin/swift-frontend -frontend -c /Users/ata/Desktop/defencegame/CoreStability/CoreStability/AppDelegate.swift /Users/ata/Desktop/defencegame/CoreStability/CoreStability/SceneDelegate.swift /Users/ata/Desktop/defencegame/CoreStability/CoreStability/GameViewController.swift /Users/ata/Desktop/defencegame/CoreStability/CoreStability/Scenes/GameScene.swift /Users/ata/Desktop/defencegame/CoreStability/CoreStability/Nodes/TowerNode.swift /Users/ata/Desktop/defencegame/CoreStability/CoreStability/Nodes/Enemy.swift /Users/ata/Desktop/defencegame/CoreStability/CoreStability/Nodes/Projectile.swift /Users/ata/Desktop/defencegame/CoreStability/CoreStability/Systems/EnemySpawner.swift /Users/ata/Desktop/defencegame/CoreStability/CoreStability/Systems/WaveController.swift /Users/ata/Desktop/defencegame/CoreStability/CoreStability/Systems/CurrencyManager.swift /Users/ata/Desktop/defencegame/CoreStability/CoreStability/Systems/ProjectileManager.swift /Users/ata/Desktop/defencegame/CoreStability/CoreStability/Systems/HapticsManager.swift /Users/ata/Desktop/defencegame/CoreStability/CoreStability/Systems/PoolManager.swift /Users/ata/Desktop/defencegame/CoreStability/CoreStability/Systems/UpgradeManager.swift /Users/ata/Desktop/defencegame/CoreStability/CoreStability/Systems/VisualFeedbackSystem.swift /Users/ata/Desktop/defencegame/CoreStability/CoreStability/Systems/AudioManager.swift /Users/ata/Desktop/defencegame/CoreStability/CoreStability/Systems/WaveModifier.swift /Users/ata/Desktop/defencegame/CoreStability/CoreStability/Systems/PassiveUpgradeManager.swift /Users/ata/Desktop/defencegame/CoreStability/CoreStability/Systems/GameStats.swift /Users/ata/Desktop/defencegame/CoreStability/CoreStability/Systems/PerkManager.swift /Users/ata/Desktop/defencegame/CoreStability/CoreStability/Systems/AchievementManager.swift /Users/ata/Desktop/defencegame/CoreStability/CoreStability/Systems/TextureHelper.swift /Users/ata/Desktop/defencegame/CoreStability/CoreStability/Systems/GemManager.swift /Users/ata/Desktop/defencegame/CoreStability/CoreStability/Systems/DailyRewardManager.swift /Users/ata/Desktop/defencegame/CoreStability/CoreStability/Systems/AdManager.swift /Users/ata/Desktop/defencegame/CoreStability/CoreStability/Systems/IAPManager.swift /Users/ata/Desktop/defencegame/CoreStability/CoreStability/Systems/BattlePassManager.swift /Users/ata/Desktop/defencegame/CoreStability/CoreStability/Systems/DailyQuestManager.swift /Users/ata/Desktop/defencegame/CoreStability/CoreStability/Systems/GachaManager.swift /Users/ata/Desktop/defencegame/CoreStability/CoreStability/Systems/LeaderboardManager.swift /Users/ata/Desktop/defencegame/CoreStability/CoreStability/Systems/ClanManager.swift /Users/ata/Desktop/defencegame/CoreStability/CoreStability/Systems/GameCenterManager.swift -primary-file /Users/ata/Desktop/defencegame/CoreStability/CoreStability/Nodes/ShopUI.swift /Users/ata/Desktop/defencegame/CoreStability/CoreStability/Nodes/QuestPassUI.swift /Users/ata/Desktop/defencegame/CoreStability/CoreStability/Nodes/SocialUI.swift /Users/ata/Desktop/defencegame/CoreStability/CoreStability/Systems/ComboManager.swift /Users/ata/Desktop/defencegame/CoreStability/CoreStability/Systems/InventoryManager.swift /Users/ata/Desktop/defencegame/CoreStability/CoreStability/Nodes/ActiveBuffsHUD.swift /Users/ata/Library/Developer/Xcode/DerivedData/CoreStability-bumjwleykawxfwfmuydrnvgdxxjc/Build/Intermediates.noindex/CoreStability.build/Debug-iphoneos/CoreStability.build/DerivedSources/GeneratedAssetSymbols.swift -emit-dependencies-path /Users/ata/Library/Developer/Xcode/DerivedData/CoreStability-bumjwleykawxfwfmuydrnvgdxxjc/Build/Intermediates.noindex/CoreStability.build/Debug-iphoneos/CoreStability.build/Objects-normal/arm64/ShopUI.d -emit-const-values-path /Users/ata/Library/Developer/Xcode/DerivedData/CoreStability-bumjwleykawxfwfmuydrnvgdxxjc/Build/Intermediates.noindex/CoreStability.build/Debug-iphoneos/CoreStability.build/Objects-normal/arm64/ShopUI.swiftconstvalues -emit-reference-dependencies-path /Users/ata/Library/Developer/Xcode/DerivedData/CoreStability-bumjwleykawxfwfmuydrnvgdxxjc/Build/Intermediates.noindex/CoreStability.build/Debug-iphoneos/CoreStability.build/Objects-normal/arm64/ShopUI.swiftdeps -serialize-diagnostics-path /Users/ata/Library/Developer/Xcode/DerivedData/CoreStability-bumjwleykawxfwfmuydrnvgdxxjc/Build/Intermediates.noindex/CoreStability.build/Debug-iphoneos/CoreStability.build/Objects-normal/arm64/ShopUI.dia -emit-localized-strings -emit-localized-strings-path /Users/ata/Library/Developer/Xcode/DerivedData/CoreStability-bumjwleykawxfwfmuydrnvgdxxjc/Build/Intermediates.noindex/CoreStability.build/Debug-iphoneos/CoreStability.build/Objects-normal/arm64 -target arm64-apple-ios17.0 -module-can-import-version DeveloperToolsSupport 23.0.4 23.0.4 -module-can-import-version SwiftUI 7.1.13.1 7.1.13 -module-can-import-version UIKit 9126.1.12.1 9126.1.12 -load-resolved-plugin /Applications/Xcode.app/Contents/Developer/Platforms/iPhoneOS.platform/Developer/usr/lib/swift/host/plugins/libFoundationMacros.dylib\#/Applications/Xcode.app/Contents/Developer/Platforms/iPhoneOS.platform/Developer/usr/bin/swift-plugin-server\#FoundationMacros -load-resolved-plugin /Applications/Xcode.app/Contents/Developer/Platforms/iPhoneOS.platform/Developer/usr/lib/swift/host/plugins/libObservationMacros.dylib\#/Applications/Xcode.app/Contents/Developer/Platforms/iPhoneOS.platform/Developer/usr/bin/swift-plugin-server\#ObservationMacros -load-resolved-plugin /Applications/Xcode.app/Contents/Developer/Platforms/iPhoneOS.platform/Developer/usr/lib/swift/host/plugins/libPreviewsMacros.dylib\#/Applications/Xcode.app/Contents/Developer/Platforms/iPhoneOS.platform/Developer/usr/bin/swift-plugin-server\#PreviewsMacros -load-resolved-plugin /Applications/Xcode.app/Contents/Developer/Platforms/iPhoneOS.platform/Developer/usr/lib/swift/host/plugins/libSwiftMacros.dylib\#/Applications/Xcode.app/Contents/Developer/Platforms/iPhoneOS.platform/Developer/usr/bin/swift-plugin-server\#SwiftMacros -load-resolved-plugin /Applications/Xcode.app/Contents/Developer/Platforms/iPhoneOS.platform/Developer/usr/lib/swift/host/plugins/libSwiftUIMacros.dylib\#/Applications/Xcode.app/Contents/Developer/Platforms/iPhoneOS.platform/Developer/usr/bin/swift-plugin-server\#SwiftUIMacros -disable-implicit-swift-modules -Xcc -fno-implicit-modules -Xcc -fno-implicit-module-maps -explicit-swift-module-map-file /Users/ata/Library/Developer/Xcode/DerivedData/CoreStability-bumjwleykawxfwfmuydrnvgdxxjc/Build/Intermediates.noindex/CoreStability.build/Debug-iphoneos/CoreStability.build/Objects-normal/arm64/CoreStability-dependencies-1.json -Xllvm -aarch64-use-tbi -enable-objc-interop -stack-check -sdk /Applications/Xcode.app/Contents/Developer/Platforms/iPhoneOS.platform/Developer/SDKs/iPhoneOS26.1.sdk -I /Users/ata/Library/Developer/Xcode/DerivedData/CoreStability-bumjwleykawxfwfmuydrnvgdxxjc/Build/Products/Debug-iphoneos -F /Users/ata/Library/Developer/Xcode/DerivedData/CoreStability-bumjwleykawxfwfmuydrnvgdxxjc/Build/Products/Debug-iphoneos -F /Users/ata/Library/Developer/Xcode/DerivedData/CoreStability-bumjwleykawxfwfmuydrnvgdxxjc/Build/Products/Debug-iphoneos/Google-Mobile-Ads-SDK -F /Users/ata/Desktop/defencegame/CoreStability/Pods/Google-Mobile-Ads-SDK/Frameworks/GoogleMobileAdsFramework -F /Users/ata/Desktop/defencegame/CoreStability/Pods/GoogleUserMessagingPlatform/Frameworks/Release -F /Users/ata/Library/Developer/Xcode/DerivedData/CoreStability-bumjwleykawxfwfmuydrnvgdxxjc/Build/Products/Debug-iphoneos/XCFrameworkIntermediates/Google-Mobile-Ads-SDK -F /Users/ata/Library/Developer/Xcode/DerivedData/CoreStability-bumjwleykawxfwfmuydrnvgdxxjc/Build/Products/Debug-iphoneos/XCFrameworkIntermediates/GoogleUserMessagingPlatform -no-color-diagnostics -Xcc -fno-color-diagnostics -enable-testing -g -debug-info-format\=dwarf -dwarf-version\=4 -module-cache-path /Users/ata/Library/Developer/Xcode/DerivedData/CoreStability-bumjwleykawxfwfmuydrnvgdxxjc/Build/Intermediates.noindex/SwiftExplicitPrecompiledModules -swift-version 5 -enforce-exclusivity\=checked -Onone -D DEBUG -D COCOAPODS -serialize-debugging-options -const-gather-protocols-file /Users/ata/Library/Developer/Xcode/DerivedData/CoreStability-bumjwleykawxfwfmuydrnvgdxxjc/Build/Intermediates.noindex/CoreStability.build/Debug-iphoneos/CoreStability.build/Objects-normal/arm64/CoreStability_const_extract_protocols.json -enable-experimental-feature DebugDescriptionMacro -enable-bare-slash-regex -empty-abi-descriptor -validate-clang-modules-once -clang-build-session-file /Users/ata/Library/Developer/Xcode/DerivedData/ModuleCache.noindex/Session.modulevalidation -Xcc -working-directory -Xcc /Users/ata/Desktop/defencegame/CoreStability -enable-anonymous-context-mangled-names -file-compilation-dir /Users/ata/Desktop/defencegame/CoreStability -Xcc -D_LIBCPP_HARDENING_MODE\=_LIBCPP_HARDENING_MODE_DEBUG -Xcc -ivfsstatcache -Xcc /Users/ata/Library/Developer/Xcode/DerivedData/SDKStatCaches.noindex/iphoneos26.1-23B77-69b33fc7382b27d9b5d46e82a00f8e78.sdkstatcache -Xcc -I/Users/ata/Library/Developer/Xcode/DerivedData/CoreStability-bumjwleykawxfwfmuydrnvgdxxjc/Build/Intermediates.noindex/CoreStability.build/Debug-iphoneos/CoreStability.build/swift-overrides.hmap -Xcc -iquote -Xcc /Users/ata/Library/Developer/Xcode/DerivedData/CoreStability-bumjwleykawxfwfmuydrnvgdxxjc/Build/Intermediates.noindex/CoreStability.build/Debug-iphoneos/CoreStability.build/CoreStability-generated-files.hmap -Xcc -I/Users/ata/Library/Developer/Xcode/DerivedData/CoreStability-bumjwleykawxfwfmuydrnvgdxxjc/Build/Intermediates.noindex/CoreStability.build/Debug-iphoneos/CoreStability.build/CoreStability-own-target-headers.hmap -Xcc -I/Users/ata/Library/Developer/Xcode/DerivedData/CoreStability-bumjwleykawxfwfmuydrnvgdxxjc/Build/Intermediates.noindex/CoreStability.build/Debug-iphoneos/CoreStability.build/CoreStability-all-non-framework-target-headers.hmap -Xcc -ivfsoverlay -Xcc /Users/ata/Library/Developer/Xcode/DerivedData/CoreStability-bumjwleykawxfwfmuydrnvgdxxjc/Build/Intermediates.noindex/CoreStability.build/Debug-iphoneos/CoreStability-d42e9d9e18b1bdedc289b2f504e42e7a-VFS-iphoneos/all-product-headers.yaml -Xcc -iquote -Xcc /Users/ata/Library/Developer/Xcode/DerivedData/CoreStability-bumjwleykawxfwfmuydrnvgdxxjc/Build/Intermediates.noindex/CoreStability.build/Debug-iphoneos/CoreStability.build/CoreStability-project-headers.hmap -Xcc -I/Users/ata/Library/Developer/Xcode/DerivedData/CoreStability-bumjwleykawxfwfmuydrnvgdxxjc/Build/Products/Debug-iphoneos/include -Xcc -I/Users/ata/Library/Developer/Xcode/DerivedData/CoreStability-bumjwleykawxfwfmuydrnvgdxxjc/Build/Products/Debug-iphoneos/Google-Mobile-Ads-SDK/Google_Mobile_Ads_SDK.framework/Headers -Xcc -I/Users/ata/Library/Developer/Xcode/DerivedData/CoreStability-bumjwleykawxfwfmuydrnvgdxxjc/Build/Intermediates.noindex/CoreStability.build/Debug-iphoneos/CoreStability.build/DerivedSources-normal/arm64 -Xcc -I/Users/ata/Library/Developer/Xcode/DerivedData/CoreStability-bumjwleykawxfwfmuydrnvgdxxjc/Build/Intermediates.noindex/CoreStability.build/Debug-iphoneos/CoreStability.build/DerivedSources/arm64 -Xcc -I/Users/ata/Library/Developer/Xcode/DerivedData/CoreStability-bumjwleykawxfwfmuydrnvgdxxjc/Build/Intermediates.noindex/CoreStability.build/Debug-iphoneos/CoreStability.build/DerivedSources -Xcc -DDEBUG\=1 -Xcc -DCOCOAPODS\=1 -no-auto-bridging-header-chaining -module-name CoreStability -frontend-parseable-output -disable-clang-spi -target-sdk-version 26.1 -target-sdk-name iphoneos26.1 -clang-target arm64-apple-ios26.1 -in-process-plugin-server-path /Applications/Xcode.app/Contents/Developer/Toolchains/XcodeDefault.xctoolchain/usr/lib/swift/host/libSwiftInProcPluginServer.dylib -o /Users/ata/Library/Developer/Xcode/DerivedData/CoreStability-bumjwleykawxfwfmuydrnvgdxxjc/Build/Intermediates.noindex/CoreStability.build/Debug-iphoneos/CoreStability.build/Objects-normal/arm64/ShopUI.o -index-unit-output-path /CoreStability.build/Debug-iphoneos/CoreStability.build/Objects-normal/arm64/ShopUI.o -index-store-path /Users/ata/Library/Developer/Xcode/DerivedData/CoreStability-bumjwleykawxfwfmuydrnvgdxxjc/Index.noindex/DataStore -index-system-modules
SwiftDriverJobDiscovery normal arm64 Emitting module for CoreStability (in target 'CoreStability' from project 'CoreStability')

SwiftDriver\ Compilation\ Requirements CoreStability normal arm64 com.apple.xcode.tools.swift.compiler (in target 'CoreStability' from project 'CoreStability')
    cd /Users/ata/Desktop/defencegame/CoreStability
    builtin-Swift-Compilation-Requirements -- /Applications/Xcode.app/Contents/Developer/Toolchains/XcodeDefault.xctoolchain/usr/bin/swiftc -module-name CoreStability -Onone -enforce-exclusivity\=checked @/Users/ata/Library/Developer/Xcode/DerivedData/CoreStability-bumjwleykawxfwfmuydrnvgdxxjc/Build/Intermediates.noindex/CoreStability.build/Debug-iphoneos/CoreStability.build/Objects-normal/arm64/CoreStability.SwiftFileList -DDEBUG -D COCOAPODS -enable-bare-slash-regex -enable-experimental-feature DebugDescriptionMacro -sdk /Applications/Xcode.app/Contents/Developer/Platforms/iPhoneOS.platform/Developer/SDKs/iPhoneOS26.1.sdk -target arm64-apple-ios17.0 -g -module-cache-path /Users/ata/Library/Developer/Xcode/DerivedData/ModuleCache.noindex -Xfrontend -serialize-debugging-options -enable-testing -index-store-path /Users/ata/Library/Developer/Xcode/DerivedData/CoreStability-bumjwleykawxfwfmuydrnvgdxxjc/Index.noindex/DataStore -Xcc -D_LIBCPP_HARDENING_MODE\=_LIBCPP_HARDENING_MODE_DEBUG -swift-version 5 -I /Users/ata/Library/Developer/Xcode/DerivedData/CoreStability-bumjwleykawxfwfmuydrnvgdxxjc/Build/Products/Debug-iphoneos -F /Users/ata/Library/Developer/Xcode/DerivedData/CoreStability-bumjwleykawxfwfmuydrnvgdxxjc/Build/Products/Debug-iphoneos -F /Users/ata/Library/Developer/Xcode/DerivedData/CoreStability-bumjwleykawxfwfmuydrnvgdxxjc/Build/Products/Debug-iphoneos/Google-Mobile-Ads-SDK -F /Users/ata/Desktop/defencegame/CoreStability/Pods/Google-Mobile-Ads-SDK/Frameworks/GoogleMobileAdsFramework -F /Users/ata/Desktop/defencegame/CoreStability/Pods/GoogleUserMessagingPlatform/Frameworks/Release -F /Users/ata/Library/Developer/Xcode/DerivedData/CoreStability-bumjwleykawxfwfmuydrnvgdxxjc/Build/Products/Debug-iphoneos/XCFrameworkIntermediates/Google-Mobile-Ads-SDK -F /Users/ata/Library/Developer/Xcode/DerivedData/CoreStability-bumjwleykawxfwfmuydrnvgdxxjc/Build/Products/Debug-iphoneos/XCFrameworkIntermediates/GoogleUserMessagingPlatform -emit-localized-strings -emit-localized-strings-path /Users/ata/Library/Developer/Xcode/DerivedData/CoreStability-bumjwleykawxfwfmuydrnvgdxxjc/Build/Intermediates.noindex/CoreStability.build/Debug-iphoneos/CoreStability.build/Objects-normal/arm64 -c -j8 -enable-batch-mode -incremental -Xcc -ivfsstatcache -Xcc /Users/ata/Library/Developer/Xcode/DerivedData/SDKStatCaches.noindex/iphoneos26.1-23B77-69b33fc7382b27d9b5d46e82a00f8e78.sdkstatcache -output-file-map /Users/ata/Library/Developer/Xcode/DerivedData/CoreStability-bumjwleykawxfwfmuydrnvgdxxjc/Build/Intermediates.noindex/CoreStability.build/Debug-iphoneos/CoreStability.build/Objects-normal/arm64/CoreStability-OutputFileMap.json -use-frontend-parseable-output -save-temps -no-color-diagnostics -explicit-module-build -module-cache-path /Users/ata/Library/Developer/Xcode/DerivedData/CoreStability-bumjwleykawxfwfmuydrnvgdxxjc/Build/Intermediates.noindex/SwiftExplicitPrecompiledModules -clang-scanner-module-cache-path /Users/ata/Library/Developer/Xcode/DerivedData/ModuleCache.noindex -sdk-module-cache-path /Users/ata/Library/Developer/Xcode/DerivedData/ModuleCache.noindex -serialize-diagnostics -emit-dependencies -emit-module -emit-module-path /Users/ata/Library/Developer/Xcode/DerivedData/CoreStability-bumjwleykawxfwfmuydrnvgdxxjc/Build/Intermediates.noindex/CoreStability.build/Debug-iphoneos/CoreStability.build/Objects-normal/arm64/CoreStability.swiftmodule -validate-clang-modules-once -clang-build-session-file /Users/ata/Library/Developer/Xcode/DerivedData/ModuleCache.noindex/Session.modulevalidation -Xcc -I/Users/ata/Library/Developer/Xcode/DerivedData/CoreStability-bumjwleykawxfwfmuydrnvgdxxjc/Build/Intermediates.noindex/CoreStability.build/Debug-iphoneos/CoreStability.build/swift-overrides.hmap -emit-const-values -Xfrontend -const-gather-protocols-file -Xfrontend /Users/ata/Library/Developer/Xcode/DerivedData/CoreStability-bumjwleykawxfwfmuydrnvgdxxjc/Build/Intermediates.noindex/CoreStability.build/Debug-iphoneos/CoreStability.build/Objects-normal/arm64/CoreStability_const_extract_protocols.json -Xcc -iquote -Xcc /Users/ata/Library/Developer/Xcode/DerivedData/CoreStability-bumjwleykawxfwfmuydrnvgdxxjc/Build/Intermediates.noindex/CoreStability.build/Debug-iphoneos/CoreStability.build/CoreStability-generated-files.hmap -Xcc -I/Users/ata/Library/Developer/Xcode/DerivedData/CoreStability-bumjwleykawxfwfmuydrnvgdxxjc/Build/Intermediates.noindex/CoreStability.build/Debug-iphoneos/CoreStability.build/CoreStability-own-target-headers.hmap -Xcc -I/Users/ata/Library/Developer/Xcode/DerivedData/CoreStability-bumjwleykawxfwfmuydrnvgdxxjc/Build/Intermediates.noindex/CoreStability.build/Debug-iphoneos/CoreStability.build/CoreStability-all-non-framework-target-headers.hmap -Xcc -ivfsoverlay -Xcc /Users/ata/Library/Developer/Xcode/DerivedData/CoreStability-bumjwleykawxfwfmuydrnvgdxxjc/Build/Intermediates.noindex/CoreStability.build/Debug-iphoneos/CoreStability-d42e9d9e18b1bdedc289b2f504e42e7a-VFS-iphoneos/all-product-headers.yaml -Xcc -iquote -Xcc /Users/ata/Library/Developer/Xcode/DerivedData/CoreStability-bumjwleykawxfwfmuydrnvgdxxjc/Build/Intermediates.noindex/CoreStability.build/Debug-iphoneos/CoreStability.build/CoreStability-project-headers.hmap -Xcc -I/Users/ata/Library/Developer/Xcode/DerivedData/CoreStability-bumjwleykawxfwfmuydrnvgdxxjc/Build/Products/Debug-iphoneos/include -Xcc -I/Users/ata/Library/Developer/Xcode/DerivedData/CoreStability-bumjwleykawxfwfmuydrnvgdxxjc/Build/Products/Debug-iphoneos/Google-Mobile-Ads-SDK/Google_Mobile_Ads_SDK.framework/Headers -Xcc -I/Users/ata/Library/Developer/Xcode/DerivedData/CoreStability-bumjwleykawxfwfmuydrnvgdxxjc/Build/Intermediates.noindex/CoreStability.build/Debug-iphoneos/CoreStability.build/DerivedSources-normal/arm64 -Xcc -I/Users/ata/Library/Developer/Xcode/DerivedData/CoreStability-bumjwleykawxfwfmuydrnvgdxxjc/Build/Intermediates.noindex/CoreStability.build/Debug-iphoneos/CoreStability.build/DerivedSources/arm64 -Xcc -I/Users/ata/Library/Developer/Xcode/DerivedData/CoreStability-bumjwleykawxfwfmuydrnvgdxxjc/Build/Intermediates.noindex/CoreStability.build/Debug-iphoneos/CoreStability.build/DerivedSources -Xcc -DDEBUG\=1 -Xcc -DCOCOAPODS\=1 -emit-objc-header -emit-objc-header-path /Users/ata/Library/Developer/Xcode/DerivedData/CoreStability-bumjwleykawxfwfmuydrnvgdxxjc/Build/Intermediates.noindex/CoreStability.build/Debug-iphoneos/CoreStability.build/Objects-normal/arm64/CoreStability-Swift.h -working-directory /Users/ata/Desktop/defencegame/CoreStability -experimental-emit-module-separately -disable-cmo

Copy /Users/ata/Library/Developer/Xcode/DerivedData/CoreStability-bumjwleykawxfwfmuydrnvgdxxjc/Build/Products/Debug-iphoneos/CoreStability.swiftmodule/arm64-apple-ios.abi.json /Users/ata/Library/Developer/Xcode/DerivedData/CoreStability-bumjwleykawxfwfmuydrnvgdxxjc/Build/Intermediates.noindex/CoreStability.build/Debug-iphoneos/CoreStability.build/Objects-normal/arm64/CoreStability.abi.json (in target 'CoreStability' from project 'CoreStability')
    cd /Users/ata/Desktop/defencegame/CoreStability
    builtin-copy -exclude .DS_Store -exclude CVS -exclude .svn -exclude .git -exclude .hg -resolve-src-symlinks -rename /Users/ata/Library/Developer/Xcode/DerivedData/CoreStability-bumjwleykawxfwfmuydrnvgdxxjc/Build/Intermediates.noindex/CoreStability.build/Debug-iphoneos/CoreStability.build/Objects-normal/arm64/CoreStability.abi.json /Users/ata/Library/Developer/Xcode/DerivedData/CoreStability-bumjwleykawxfwfmuydrnvgdxxjc/Build/Products/Debug-iphoneos/CoreStability.swiftmodule/arm64-apple-ios.abi.json

warning: Skipping duplicate build file in Copy Bundle Resources build phase: /Users/ata/Desktop/defencegame/CoreStability/CoreStability/en.lproj/Localizable.strings (in target 'CoreStability' from project 'CoreStability')
warning: Skipping duplicate build file in Copy Bundle Resources build phase: /Users/ata/Desktop/defencegame/CoreStability/CoreStability/en.lproj/Localizable.strings (in target 'CoreStability' from project 'CoreStability')
warning: Skipping duplicate build file in Copy Bundle Resources build phase: /Users/ata/Desktop/defencegame/CoreStability/CoreStability/en.lproj/Localizable.strings (in target 'CoreStability' from project 'CoreStability')
warning: Skipping duplicate build file in Copy Bundle Resources build phase: /Users/ata/Desktop/defencegame/CoreStability/CoreStability/en.lproj/Localizable.strings (in target 'CoreStability' from project 'CoreStability')
warning: Skipping duplicate build file in Copy Bundle Resources build phase: /Users/ata/Desktop/defencegame/CoreStability/CoreStability/en.lproj/Localizable.strings (in target 'CoreStability' from project 'CoreStability')
warning: Skipping duplicate build file in Copy Bundle Resources build phase: /Users/ata/Desktop/defencegame/CoreStability/CoreStability/en.lproj/Localizable.strings (in target 'CoreStability' from project 'CoreStability')
warning: Skipping duplicate build file in Copy Bundle Resources build phase: /Users/ata/Desktop/defencegame/CoreStability/CoreStability/en.lproj/Localizable.strings (in target 'CoreStability' from project 'CoreStability')
warning: Skipping duplicate build file in Copy Bundle Resources build phase: /Users/ata/Desktop/defencegame/CoreStability/CoreStability/en.lproj/Localizable.strings (in target 'CoreStability' from project 'CoreStability')
warning: Skipping duplicate build file in Copy Bundle Resources build phase: /Users/ata/Desktop/defencegame/CoreStability/CoreStability/en.lproj/Localizable.strings (in target 'CoreStability' from project 'CoreStability')
warning: Skipping duplicate build file in Copy Bundle Resources build phase: /Users/ata/Desktop/defencegame/CoreStability/CoreStability/en.lproj/Localizable.strings (in target 'CoreStability' from project 'CoreStability')
warning: Skipping duplicate build file in Copy Bundle Resources build phase: /Users/ata/Desktop/defencegame/CoreStability/CoreStability/en.lproj/Localizable.strings (in target 'CoreStability' from project 'CoreStability')
warning: Skipping duplicate build file in Copy Bundle Resources build phase: /Users/ata/Desktop/defencegame/CoreStability/CoreStability/en.lproj/Localizable.strings (in target 'CoreStability' from project 'CoreStability')
warning: Skipping duplicate build file in Copy Bundle Resources build phase: /Users/ata/Desktop/defencegame/CoreStability/CoreStability/en.lproj/Localizable.strings (in target 'CoreStability' from project 'CoreStability')
warning: Skipping duplicate build file in Copy Bundle Resources build phase: /Users/ata/Desktop/defencegame/CoreStability/CoreStability/en.lproj/Localizable.strings (in target 'CoreStability' from project 'CoreStability')
warning: Skipping duplicate build file in Copy Bundle Resources build phase: /Users/ata/Desktop/defencegame/CoreStability/CoreStability/en.lproj/Localizable.strings (in target 'CoreStability' from project 'CoreStability')
warning: Skipping duplicate build file in Copy Bundle Resources build phase: /Users/ata/Desktop/defencegame/CoreStability/CoreStability/en.lproj/Localizable.strings (in target 'CoreStability' from project 'CoreStability')
warning: Skipping duplicate build file in Copy Bundle Resources build phase: /Users/ata/Desktop/defencegame/CoreStability/CoreStability/en.lproj/Localizable.strings (in target 'CoreStability' from project 'CoreStability')
warning: Skipping duplicate build file in Copy Bundle Resources build phase: /Users/ata/Desktop/defencegame/CoreStability/CoreStability/en.lproj/Localizable.strings (in target 'CoreStability' from project 'CoreStability')
warning: Skipping duplicate build file in Copy Bundle Resources build phase: /Users/ata/Desktop/defencegame/CoreStability/CoreStability/en.lproj/Localizable.strings (in target 'CoreStability' from project 'CoreStability')
warning: Skipping duplicate build file in Copy Bundle Resources build phase: /Users/ata/Desktop/defencegame/CoreStability/CoreStability/en.lproj/Localizable.strings (in target 'CoreStability' from project 'CoreStability')
warning: Skipping duplicate build file in Copy Bundle Resources build phase: /Users/ata/Desktop/defencegame/CoreStability/CoreStability/en.lproj/Localizable.strings (in target 'CoreStability' from project 'CoreStability')
warning: Skipping duplicate build file in Copy Bundle Resources build phase: /Users/ata/Desktop/defencegame/CoreStability/CoreStability/en.lproj/Localizable.strings (in target 'CoreStability' from project 'CoreStability')
warning: Skipping duplicate build file in Copy Bundle Resources build phase: /Users/ata/Desktop/defencegame/CoreStability/CoreStability/en.lproj/Localizable.strings (in target 'CoreStability' from project 'CoreStability')
warning: Skipping duplicate build file in Copy Bundle Resources build phase: /Users/ata/Desktop/defencegame/CoreStability/CoreStability/en.lproj/Localizable.strings (in target 'CoreStability' from project 'CoreStability')
warning: Skipping duplicate build file in Copy Bundle Resources build phase: /Users/ata/Desktop/defencegame/CoreStability/CoreStability/en.lproj/Localizable.strings (in target 'CoreStability' from project 'CoreStability')
warning: Skipping duplicate build file in Copy Bundle Resources build phase: /Users/ata/Desktop/defencegame/CoreStability/CoreStability/en.lproj/Localizable.strings (in target 'CoreStability' from project 'CoreStability')
warning: Skipping duplicate build file in Copy Bundle Resources build phase: /Users/ata/Desktop/defencegame/CoreStability/CoreStability/en.lproj/Localizable.strings (in target 'CoreStability' from project 'CoreStability')
warning: Skipping duplicate build file in Copy Bundle Resources build phase: /Users/ata/Desktop/defencegame/CoreStability/CoreStability/en.lproj/Localizable.strings (in target 'CoreStability' from project 'CoreStability')
warning: Skipping duplicate build file in Copy Bundle Resources build phase: /Users/ata/Desktop/defencegame/CoreStability/CoreStability/en.lproj/Localizable.strings (in target 'CoreStability' from project 'CoreStability')
warning: Skipping duplicate build file in Copy Bundle Resources build phase: /Users/ata/Desktop/defencegame/CoreStability/CoreStability/en.lproj/Localizable.strings (in target 'CoreStability' from project 'CoreStability')
warning: Skipping duplicate build file in Copy Bundle Resources build phase: /Users/ata/Desktop/defencegame/CoreStability/CoreStability/en.lproj/Localizable.strings (in target 'CoreStability' from project 'CoreStability')
warning: Skipping duplicate build file in Copy Bundle Resources build phase: /Users/ata/Desktop/defencegame/CoreStability/CoreStability/en.lproj/Localizable.strings (in target 'CoreStability' from project 'CoreStability')
warning: Skipping duplicate build file in Copy Bundle Resources build phase: /Users/ata/Desktop/defencegame/CoreStability/CoreStability/en.lproj/Localizable.strings (in target 'CoreStability' from project 'CoreStability')
warning: Skipping duplicate build file in Copy Bundle Resources build phase: /Users/ata/Desktop/defencegame/CoreStability/CoreStability/en.lproj/Localizable.strings (in target 'CoreStability' from project 'CoreStability')
warning: Skipping duplicate build file in Copy Bundle Resources build phase: /Users/ata/Desktop/defencegame/CoreStability/CoreStability/en.lproj/Localizable.strings (in target 'CoreStability' from project 'CoreStability')
warning: Skipping duplicate build file in Copy Bundle Resources build phase: /Users/ata/Desktop/defencegame/CoreStability/CoreStability/en.lproj/Localizable.strings (in target 'CoreStability' from project 'CoreStability')
warning: Skipping duplicate build file in Copy Bundle Resources build phase: /Users/ata/Desktop/defencegame/CoreStability/CoreStability/en.lproj/Localizable.strings (in target 'CoreStability' from project 'CoreStability')
** BUILD FAILED **


The following build commands failed:
	SwiftCompile normal arm64 /Users/ata/Desktop/defencegame/CoreStability/CoreStability/Nodes/ShopUI.swift (in target 'CoreStability' from project 'CoreStability')
	SwiftCompile normal arm64 Compiling\ ShopUI.swift /Users/ata/Desktop/defencegame/CoreStability/CoreStability/Nodes/ShopUI.swift (in target 'CoreStability' from project 'CoreStability')
	Building workspace CoreStability with scheme CoreStability
(3 failures)
